<?xml version="1.0" encoding="UTF-8"?>
<!-- Generated by org.testng.reporters.JUnitReportReporter -->
<testsuite skipped="5" hostname="home-VAIO" name="com.test.TC_RemedyIncident_Creation" tests="7" failures="0" timestamp="04 Jun 2020 13:13:10 GMT" time="114.666" errors="0">
  <testcase name="openRemedyTest" time="15.459" classname="com.test.TC_RemedyIncident_Creation"/>
  <testcase name="test_createInc" time="99.159" classname="com.test.TC_RemedyIncident_Creation"/>
  <testcase name="test_createInc" time="0.013" classname="com.test.TC_RemedyIncident_Creation">
    <skipped/>
  </testcase> <!-- test_createInc -->
  <testcase name="test_createInc" time="0.035" classname="com.test.TC_RemedyIncident_Creation">
    <skipped/>
  </testcase> <!-- test_createInc -->
  <testcase name="test_searchIncDetails" classname="com.test.TC_RemedyIncident_Creation">
    <skipped/>
  </testcase> <!-- test_searchIncDetails -->
  <testcase name="test_updateInc" classname="com.test.TC_RemedyIncident_Creation">
    <skipped/>
  </testcase> <!-- test_updateInc -->
  <testcase name="test_AddCI" classname="com.test.TC_RemedyIncident_Creation">
    <skipped/>
  </testcase> <!-- test_AddCI -->
</testsuite> <!-- com.test.TC_RemedyIncident_Creation -->
