<?xml version="1.0" encoding="UTF-8"?>
<!-- Generated by org.testng.reporters.JUnitReportReporter -->
<testsuite skipped="0" hostname="TECHMASST300004" name="com.test.TC_VerifyBusinessApplication_data" tests="1" failures="0" timestamp="2020-09-01T14:32:32 IST" time="187.809" errors="0">
  <testcase name="Test_CID_BusinessApplication" time="187.809" classname="com.test.TC_VerifyBusinessApplication_data"/>
  <system-out/>
</testsuite> <!-- com.test.TC_VerifyBusinessApplication_data -->
