<?xml version="1.0" encoding="UTF-8"?>
<!-- Generated by org.testng.reporters.JUnitReportReporter -->
<testsuite skipped="1" hostname="home-VAIO" name="com.test.TC_RemedyIncident_Search" tests="3" failures="0" timestamp="04 Jun 2020 12:09:46 GMT" time="135.515" errors="0">
  <testcase name="openRemedyTest" time="57.840" classname="com.test.TC_RemedyIncident_Search"/>
  <testcase name="test_searchIncDetails" time="65.576" classname="com.test.TC_RemedyIncident_Search">
    <skipped/>
  </testcase> <!-- test_searchIncDetails -->
  <testcase name="test_searchIncDetails" time="12.099" classname="com.test.TC_RemedyIncident_Search"/>
</testsuite> <!-- com.test.TC_RemedyIncident_Search -->
