<?xml version="1.0" encoding="UTF-8"?>
<!-- Generated by org.testng.reporters.JUnitReportReporter -->
<testsuite skipped="0" hostname="TECHMASST300004" name="com.test.TC_VerifyAlarmKeyDB" tests="1" failures="0" timestamp="2020-09-11T15:03:31 IST" time="88.541" errors="0">
  <testcase name="Test_AlarmkeyDB" time="88.541" classname="com.test.TC_VerifyAlarmKeyDB"/>
  <system-out/>
</testsuite> <!-- com.test.TC_VerifyAlarmKeyDB -->
