<?xml version="1.0" encoding="UTF-8"?>
<!-- Generated by org.testng.reporters.JUnitReportReporter -->
<testsuite skipped="0" hostname="home-VAIO" name="com.test.TC_RemedyWorkOrder" tests="2" failures="0" timestamp="15 Apr 2020 11:31:12 GMT" time="111.174" errors="0">
  <testcase name="test_searchWorkOrder" time="36.392" classname="com.test.TC_RemedyWorkOrder"/>
  <testcase name="test_createWorkOrder" time="74.782" classname="com.test.TC_RemedyWorkOrder"/>
</testsuite> <!-- com.test.TC_RemedyWorkOrder -->
