<?xml version="1.0" encoding="UTF-8"?>
<!-- Generated by org.testng.reporters.JUnitReportReporter -->
<testsuite skipped="1" hostname="TECHMASST300004" name="com.test.TC_RemedyWorkOrder" tests="3" failures="0" timestamp="2020-08-26T11:32:14 IST" time="35.939" errors="0">
  <testcase name="openRemedyTest" time="7.401" classname="com.test.TC_RemedyWorkOrder"/>
  <system-out/>
  <testcase name="test_createWorkOrder" time="28.538" classname="com.test.TC_RemedyWorkOrder"/>
  <system-out/>
  <testcase name="test_searchWorkOrder" classname="com.test.TC_RemedyWorkOrder">
    <skipped/>
  </testcase> <!-- test_searchWorkOrder -->
  <system-out/>
</testsuite> <!-- com.test.TC_RemedyWorkOrder -->
