<?xml version="1.0" encoding="UTF-8"?>
<!-- Generated by org.testng.reporters.JUnitReportReporter -->
<testsuite skipped="1" hostname="TECHMASST300004" name="com.test.TC_NetCoolRemedyInc" tests="2" failures="0" timestamp="2020-09-09T13:11:57 IST" time="59.223" errors="0">
  <testcase name="test_NetcoolIncident" time="59.223" classname="com.test.TC_NetCoolRemedyInc"/>
  <system-out/>
  <testcase name="test_NetcoolIncidentData" classname="com.test.TC_NetCoolRemedyInc">
    <skipped/>
  </testcase> <!-- test_NetcoolIncidentData -->
  <system-out/>
</testsuite> <!-- com.test.TC_NetCoolRemedyInc -->
