<?xml version="1.0" encoding="UTF-8"?>
<!-- Generated by org.testng.reporters.JUnitReportReporter -->
<testsuite skipped="0" hostname="TECHMASST300004" name="com.java.login" tests="1" failures="0" timestamp="2020-08-12T18:26:05 IST" time="5.469" errors="0">
  <testcase name="login1" time="5.469" classname="com.java.login"/>
  <system-out/>
</testsuite> <!-- com.java.login -->
