<?xml version="1.0" encoding="UTF-8"?>
<!-- Generated by org.testng.reporters.JUnitReportReporter -->
<testsuite skipped="0" hostname="TECHMASST300004" name="com.test.TC_CMDBvalidations" tests="3" failures="0" timestamp="2020-09-01T11:33:23 IST" time="319.549" errors="0">
  <testcase name="Test_CID_BusinessApplication" time="141.288" classname="com.test.TC_CMDBvalidations"/>
  <system-out/>
  <testcase name="Test_CID_ComputerSystem" time="85.578" classname="com.test.TC_CMDBvalidations"/>
  <system-out/>
  <testcase name="Test_AlarmkeyDB" time="92.683" classname="com.test.TC_CMDBvalidations"/>
  <system-out/>
</testsuite> <!-- com.test.TC_CMDBvalidations -->
