<?xml version="1.0" encoding="UTF-8"?>
<!-- Generated by org.testng.reporters.JUnitReportReporter -->
<testsuite skipped="0" hostname="TECHMASST300004" name="com.test.TC_RemedyIncident_Update" tests="3" failures="0" timestamp="2020-09-14T18:05:30 IST" time="138.249" errors="0">
  <testcase name="test_updateInc" time="49.031" classname="com.test.TC_RemedyIncident_Update"/>
  <system-out/>
  <testcase name="test_updateInc" time="58.007" classname="com.test.TC_RemedyIncident_Update"/>
  <system-out/>
  <testcase name="test_updateInc" time="31.211" classname="com.test.TC_RemedyIncident_Update"/>
  <system-out/>
</testsuite> <!-- com.test.TC_RemedyIncident_Update -->
