<?xml version="1.0" encoding="UTF-8"?>
<!-- Generated by org.testng.reporters.JUnitReportReporter -->
<testsuite skipped="0" hostname="TECHMASST300004" name="com.test.TC_VerifyAlarmKeyDB" tests="1" failures="0" timestamp="2020-09-01T08:23:57 IST" time="92.449" errors="0">
  <testcase name="Test_AlarmkeyDB" time="92.449" classname="com.test.TC_VerifyAlarmKeyDB"/>
  <system-out/>
</testsuite> <!-- com.test.TC_VerifyAlarmKeyDB -->
