<?xml version="1.0" encoding="UTF-8"?>
<!-- Generated by org.testng.reporters.JUnitReportReporter -->
<testsuite skipped="0" hostname="TECHMASST300004" name="com.test.TC_AlarmKeyDB" tests="2" failures="0" timestamp="2020-08-24T21:21:34 IST" time="141.008" errors="0">
  <testcase name="openCMDB" time="10.970" classname="com.test.TC_AlarmKeyDB"/>
  <system-out/>
  <testcase name="Test_AlarmkeyDB" time="130.038" classname="com.test.TC_AlarmKeyDB"/>
  <system-out/>
</testsuite> <!-- com.test.TC_AlarmKeyDB -->
