<?xml version="1.0" encoding="UTF-8"?>
<!-- Generated by org.testng.reporters.JUnitReportReporter -->
<testsuite skipped="0" hostname="TECHMASST300004" name="com.test.TC_VerifyComputerSystem_data" tests="1" failures="0" timestamp="2020-09-01T16:47:41 IST" time="79.776" errors="0">
  <testcase name="Test_CID_ComputerSystem" time="79.776" classname="com.test.TC_VerifyComputerSystem_data"/>
  <system-out/>
</testsuite> <!-- com.test.TC_VerifyComputerSystem_data -->
