<?xml version="1.0" encoding="UTF-8"?>
<!-- Generated by org.testng.reporters.JUnitReportReporter -->
<testsuite skipped="1" hostname="TECHMASST300004" name="com.test.TC_RemedyIncident_Creation" tests="2" failures="0" timestamp="2020-09-14T17:50:59 IST" time="69.787" errors="0">
  <testcase name="test_createInc" time="69.787" classname="com.test.TC_RemedyIncident_Creation"/>
  <system-out/>
  <testcase name="test_AddCI" classname="com.test.TC_RemedyIncident_Creation">
    <skipped/>
  </testcase> <!-- test_AddCI -->
  <system-out/>
</testsuite> <!-- com.test.TC_RemedyIncident_Creation -->
