<?xml version="1.0" encoding="UTF-8"?>
<!-- Generated by org.testng.reporters.JUnitReportReporter -->
<testsuite skipped="0" hostname="TECHMASST300004" name="com.test.TC_ComponentidDB" tests="3" failures="0" timestamp="2020-08-24T21:45:56 IST" time="160.622" errors="0">
  <testcase name="openCMDB" time="9.143" classname="com.test.TC_ComponentidDB"/>
  <system-out/>
  <testcase name="Test_ComponentidDB" time="59.876" classname="com.test.TC_ComponentidDB"/>
  <system-out/>
  <testcase name="Test_AlarmkeyDB" time="91.603" classname="com.test.TC_ComponentidDB"/>
  <system-out/>
</testsuite> <!-- com.test.TC_ComponentidDB -->
