<?xml version="1.0" encoding="UTF-8"?>
<!-- Generated by org.testng.reporters.JUnitReportReporter -->
<testsuite skipped="0" hostname="TECHMASST300004" name="com.test.TC_VerifyComponentidDB" tests="2" failures="0" timestamp="2020-08-31T10:23:31 IST" time="310.486" errors="0">
  <testcase name="Test_CID_ComputerSystem" time="72.335" classname="com.test.TC_VerifyComponentidDB"/>
  <system-out/>
  <testcase name="Test_CID_BusinessApplication" time="238.151" classname="com.test.TC_VerifyComponentidDB"/>
  <system-out/>
</testsuite> <!-- com.test.TC_VerifyComponentidDB -->
