<?xml version="1.0" encoding="UTF-8"?>
<!-- Generated by org.testng.reporters.JUnitReportReporter -->
<testsuite skipped="0" hostname="TECHMASST300004" name="com.test.TC_CMDBvalidations" tests="3" failures="0" timestamp="2020-09-09T16:27:28 IST" time="265.646" errors="0">
  <testcase name="Test_CID_BusinessApplication" time="89.050" classname="com.test.TC_CMDBvalidations"/>
  <system-out/>
  <testcase name="Test_CID_ComputerSystem" time="86.319" classname="com.test.TC_CMDBvalidations"/>
  <system-out/>
  <testcase name="Test_AlarmkeyDB" time="90.277" classname="com.test.TC_CMDBvalidations"/>
  <system-out/>
</testsuite> <!-- com.test.TC_CMDBvalidations -->
