<?xml version="1.0" encoding="UTF-8"?>
<!-- Generated by org.testng.reporters.JUnitReportReporter -->
<testsuite skipped="4" hostname="home-VAIO" name="com.test.TC_RemedyIncidents" tests="7" failures="0" timestamp="22 May 2020 11:42:19 GMT" time="243.942" errors="0">
  <testcase name="openRemedyTest" time="30.259" classname="com.test.TC_RemedyIncidents"/>
  <testcase name="test_createInc" time="0.003" classname="com.test.TC_RemedyIncidents">
    <skipped/>
  </testcase> <!-- test_createInc -->
  <testcase name="test_createInc" time="0.004" classname="com.test.TC_RemedyIncidents">
    <skipped/>
  </testcase> <!-- test_createInc -->
  <testcase name="test_createInc" time="122.864" classname="com.test.TC_RemedyIncidents"/>
  <testcase name="test_searchIncDetails" time="90.812" classname="com.test.TC_RemedyIncidents"/>
  <testcase name="test_AddCI" classname="com.test.TC_RemedyIncidents">
    <skipped/>
  </testcase> <!-- test_AddCI -->
  <testcase name="test_updateInc" classname="com.test.TC_RemedyIncidents">
    <skipped/>
  </testcase> <!-- test_updateInc -->
</testsuite> <!-- com.test.TC_RemedyIncidents -->
