<?xml version="1.0" encoding="UTF-8"?>
<!-- Generated by org.testng.reporters.JUnitReportReporter -->
<testsuite skipped="0" hostname="TECHMASST300004" name="com.test.TC_RemedyIncident_Update" tests="1" failures="0" timestamp="2020-10-01T17:13:40 IST" time="60.964" errors="0">
  <testcase name="test_updateInc" time="60.964" classname="com.test.TC_RemedyIncident_Update"/>
  <system-out/>
</testsuite> <!-- com.test.TC_RemedyIncident_Update -->
