<?xml version="1.0" encoding="UTF-8"?>
<!-- Generated by org.testng.reporters.JUnitReportReporter -->
<testsuite skipped="2" hostname="home-VAIO" name="com.test.TC_NetCoolRemedyInc" tests="4" failures="0" timestamp="04 Jun 2020 13:13:10 GMT" time="60.344" errors="0">
  <testcase name="openRemedyTest" time="15.552" classname="com.test.TC_NetCoolRemedyInc"/>
  <testcase name="test_NetcoolIncidentData" time="44.787" classname="com.test.TC_NetCoolRemedyInc"/>
  <testcase name="test_NetcoolIncidentData" time="0.005" classname="com.test.TC_NetCoolRemedyInc">
    <skipped/>
  </testcase> <!-- test_NetcoolIncidentData -->
  <testcase name="test_NetcoolIncident" classname="com.test.TC_NetCoolRemedyInc">
    <skipped/>
  </testcase> <!-- test_NetcoolIncident -->
</testsuite> <!-- com.test.TC_NetCoolRemedyInc -->
