<?xml version="1.0" encoding="UTF-8"?>
<!-- Generated by org.testng.reporters.JUnitReportReporter -->
<testsuite skipped="1" hostname="TECHMASST300004" name="com.test.TC_RemedyWorkOrder" tests="2" failures="0" timestamp="2020-09-22T12:18:59 IST" time="10.241" errors="0">
  <testcase name="test_searchWorkOrder" time="10.241" classname="com.test.TC_RemedyWorkOrder"/>
  <system-out/>
  <testcase name="test_createWorkOrder" classname="com.test.TC_RemedyWorkOrder">
    <skipped/>
  </testcase> <!-- test_createWorkOrder -->
  <system-out/>
</testsuite> <!-- com.test.TC_RemedyWorkOrder -->
